  [1m[35m (0.1ms)[0m  [1m[34mSELECT sqlite_version(*)[0m
  ↳ bin/rails:9
  [1m[35m (1.4ms)[0m  [1m[35mCREATE TABLE "schema_migrations" ("version" varchar NOT NULL PRIMARY KEY)[0m
  ↳ bin/rails:9
  [1m[35m (1.0ms)[0m  [1m[35mCREATE TABLE "ar_internal_metadata" ("key" varchar NOT NULL PRIMARY KEY, "value" varchar, "created_at" datetime NOT NULL, "updated_at" datetime NOT NULL)[0m
  ↳ bin/rails:9
  [1m[35m (0.2ms)[0m  [1m[34mSELECT "schema_migrations"."version" FROM "schema_migrations" ORDER BY "schema_migrations"."version" ASC[0m
  ↳ bin/rails:9
Migrating to CreateProducts (20190530165502)
  [1m[35m (0.1ms)[0m  [1m[36mbegin transaction[0m
  ↳ bin/rails:9
  [1m[35m (0.4ms)[0m  [1m[35mCREATE TABLE "products" ("id" integer PRIMARY KEY AUTOINCREMENT NOT NULL, "description" varchar, "size" integer, "quantity" integer, "cost" float, "sale_price" float, "created_at" datetime NOT NULL, "updated_at" datetime NOT NULL)[0m
  ↳ db/migrate/20190530165502_create_products.rb:3
  [1m[36mActiveRecord::SchemaMigration Create (0.2ms)[0m  [1m[32mINSERT INTO "schema_migrations" ("version") VALUES (?)[0m  [["version", "20190530165502"]]
  ↳ bin/rails:9
  [1m[35m (0.7ms)[0m  [1m[36mcommit transaction[0m
  ↳ bin/rails:9
Migrating to CreateCompatibilities (20190530165616)
  [1m[35m (0.0ms)[0m  [1m[36mbegin transaction[0m
  ↳ bin/rails:9
  [1m[35m (0.3ms)[0m  [1m[35mCREATE TABLE "compatibilities" ("id" integer PRIMARY KEY AUTOINCREMENT NOT NULL, "stuffed_animal_id" integer, "accesory_id" integer, "created_at" datetime NOT NULL, "updated_at" datetime NOT NULL, CONSTRAINT "fk_rails_493980402c"
FOREIGN KEY ("stuffed_animal_id")
  REFERENCES "products" ("id")
, CONSTRAINT "fk_rails_61ff36619e"
FOREIGN KEY ("accesory_id")
  REFERENCES "products" ("id")
)[0m
  ↳ db/migrate/20190530165616_create_compatibilities.rb:3
  [1m[35m (0.1ms)[0m  [1m[35mCREATE  INDEX "index_compatibilities_on_stuffed_animal_id" ON "compatibilities" ("stuffed_animal_id")[0m
  ↳ db/migrate/20190530165616_create_compatibilities.rb:3
  [1m[35m (0.1ms)[0m  [1m[35mCREATE  INDEX "index_compatibilities_on_accesory_id" ON "compatibilities" ("accesory_id")[0m
  ↳ db/migrate/20190530165616_create_compatibilities.rb:3
  [1m[36mActiveRecord::SchemaMigration Create (0.1ms)[0m  [1m[32mINSERT INTO "schema_migrations" ("version") VALUES (?)[0m  [["version", "20190530165616"]]
  ↳ bin/rails:9
  [1m[35m (0.9ms)[0m  [1m[36mcommit transaction[0m
  ↳ bin/rails:9
Migrating to CreateOrders (20190530165650)
  [1m[35m (0.0ms)[0m  [1m[36mbegin transaction[0m
  ↳ bin/rails:9
  [1m[35m (0.1ms)[0m  [1m[31mrollback transaction[0m
  ↳ bin/rails:9
  [1m[35m (0.1ms)[0m  [1m[34mSELECT "schema_migrations"."version" FROM "schema_migrations" ORDER BY "schema_migrations"."version" ASC[0m
  ↳ bin/rails:9
Migrating to CreateOrders (20190530165650)
  [1m[35m (0.0ms)[0m  [1m[36mbegin transaction[0m
  ↳ bin/rails:9
  [1m[35m (0.0ms)[0m  [1m[34mSELECT sqlite_version(*)[0m
  ↳ db/migrate/20190530165650_create_orders.rb:3
  [1m[35m (0.3ms)[0m  [1m[35mCREATE TABLE "orders" ("id" integer PRIMARY KEY AUTOINCREMENT NOT NULL, "order_date" datetime, "created_at" datetime NOT NULL, "updated_at" datetime NOT NULL)[0m
  ↳ db/migrate/20190530165650_create_orders.rb:3
  [1m[36mActiveRecord::SchemaMigration Create (0.1ms)[0m  [1m[32mINSERT INTO "schema_migrations" ("version") VALUES (?)[0m  [["version", "20190530165650"]]
  ↳ bin/rails:9
  [1m[35m (7.2ms)[0m  [1m[36mcommit transaction[0m
  ↳ bin/rails:9
Migrating to CreatePurchases (20190530165709)
  [1m[35m (0.1ms)[0m  [1m[36mbegin transaction[0m
  ↳ bin/rails:9
  [1m[35m (0.5ms)[0m  [1m[35mCREATE TABLE "purchases" ("id" integer PRIMARY KEY AUTOINCREMENT NOT NULL, "order_id" integer, "product_id" integer, "created_at" datetime NOT NULL, "updated_at" datetime NOT NULL, CONSTRAINT "fk_rails_a9d81871ca"
FOREIGN KEY ("order_id")
  REFERENCES "orders" ("id")
, CONSTRAINT "fk_rails_0d630f0bc7"
FOREIGN KEY ("product_id")
  REFERENCES "products" ("id")
)[0m
  ↳ db/migrate/20190530165709_create_purchases.rb:3
  [1m[35m (0.1ms)[0m  [1m[35mCREATE  INDEX "index_purchases_on_order_id" ON "purchases" ("order_id")[0m
  ↳ db/migrate/20190530165709_create_purchases.rb:3
  [1m[35m (0.1ms)[0m  [1m[35mCREATE  INDEX "index_purchases_on_product_id" ON "purchases" ("product_id")[0m
  ↳ db/migrate/20190530165709_create_purchases.rb:3
  [1m[36mActiveRecord::SchemaMigration Create (0.1ms)[0m  [1m[32mINSERT INTO "schema_migrations" ("version") VALUES (?)[0m  [["version", "20190530165709"]]
  ↳ bin/rails:9
  [1m[35m (1.2ms)[0m  [1m[36mcommit transaction[0m
  ↳ bin/rails:9
  [1m[36mActiveRecord::InternalMetadata Load (0.1ms)[0m  [1m[34mSELECT  "ar_internal_metadata".* FROM "ar_internal_metadata" WHERE "ar_internal_metadata"."key" = ? LIMIT ?[0m  [["key", "environment"], ["LIMIT", 1]]
  ↳ bin/rails:9
  [1m[35m (0.0ms)[0m  [1m[36mbegin transaction[0m
  ↳ bin/rails:9
  [1m[36mActiveRecord::InternalMetadata Create (0.3ms)[0m  [1m[32mINSERT INTO "ar_internal_metadata" ("key", "value", "created_at", "updated_at") VALUES (?, ?, ?, ?)[0m  [["key", "environment"], ["value", "development"], ["created_at", "2019-05-30 16:59:34.217441"], ["updated_at", "2019-05-30 16:59:34.217441"]]
  ↳ bin/rails:9
  [1m[35m (1.3ms)[0m  [1m[36mcommit transaction[0m
  ↳ bin/rails:9
  [1m[35m (0.1ms)[0m  [1m[34mSELECT "schema_migrations"."version" FROM "schema_migrations" ORDER BY "schema_migrations"."version" ASC[0m
  ↳ bin/rails:9
  [1m[35m (0.1ms)[0m  [1m[34mSELECT "schema_migrations"."version" FROM "schema_migrations" ORDER BY "schema_migrations"."version" ASC[0m
  ↳ bin/rails:9
  [1m[35m (0.1ms)[0m  [1m[34mSELECT "ar_internal_metadata"."value" FROM "ar_internal_metadata" WHERE "ar_internal_metadata"."key" = ?[0m  [["key", "environment"]]
  ↳ bin/rails:9
  [1m[35m (0.0ms)[0m  [1m[34mSELECT "schema_migrations"."version" FROM "schema_migrations" ORDER BY "schema_migrations"."version" ASC[0m
  ↳ bin/rails:9
  [1m[35m (0.0ms)[0m  [1m[34mSELECT "ar_internal_metadata"."value" FROM "ar_internal_metadata" WHERE "ar_internal_metadata"."key" = ?[0m  [["key", "environment"]]
  ↳ bin/rails:9
  [1m[35m (0.0ms)[0m  [1m[34mSELECT "schema_migrations"."version" FROM "schema_migrations" ORDER BY "schema_migrations"."version" ASC[0m
  ↳ bin/rails:9
  [1m[35m (0.0ms)[0m  [1m[34mSELECT "ar_internal_metadata"."value" FROM "ar_internal_metadata" WHERE "ar_internal_metadata"."key" = ?[0m  [["key", "environment"]]
  ↳ bin/rails:9
  [1m[35m (0.1ms)[0m  [1m[35mDROP TABLE IF EXISTS "compatibilities"[0m
  ↳ db/schema.rb:15
  [1m[35m (0.0ms)[0m  [1m[34mSELECT sqlite_version(*)[0m
  ↳ db/schema.rb:15
  [1m[35m (7.2ms)[0m  [1m[35mCREATE TABLE "compatibilities" ("id" integer PRIMARY KEY AUTOINCREMENT NOT NULL, "stuffed_animal_id" integer, "accesory_id" integer, "created_at" datetime NOT NULL, "updated_at" datetime NOT NULL)[0m
  ↳ db/schema.rb:15
  [1m[35m (0.9ms)[0m  [1m[35mCREATE  INDEX "index_compatibilities_on_accesory_id" ON "compatibilities" ("accesory_id")[0m
  ↳ db/schema.rb:15
  [1m[35m (0.9ms)[0m  [1m[35mCREATE  INDEX "index_compatibilities_on_stuffed_animal_id" ON "compatibilities" ("stuffed_animal_id")[0m
  ↳ db/schema.rb:15
  [1m[35m (0.1ms)[0m  [1m[35mDROP TABLE IF EXISTS "orders"[0m
  ↳ db/schema.rb:24
  [1m[35m (1.3ms)[0m  [1m[35mCREATE TABLE "orders" ("id" integer PRIMARY KEY AUTOINCREMENT NOT NULL, "order_date" datetime, "created_at" datetime NOT NULL, "updated_at" datetime NOT NULL)[0m
  ↳ db/schema.rb:24
  [1m[35m (0.1ms)[0m  [1m[35mDROP TABLE IF EXISTS "products"[0m
  ↳ db/schema.rb:30
  [1m[35m (1.1ms)[0m  [1m[35mCREATE TABLE "products" ("id" integer PRIMARY KEY AUTOINCREMENT NOT NULL, "description" varchar, "size" integer, "quantity" integer, "cost" float, "sale_price" float, "created_at" datetime NOT NULL, "updated_at" datetime NOT NULL)[0m
  ↳ db/schema.rb:30
  [1m[35m (0.1ms)[0m  [1m[35mDROP TABLE IF EXISTS "purchases"[0m
  ↳ db/schema.rb:40
  [1m[35m (1.3ms)[0m  [1m[35mCREATE TABLE "purchases" ("id" integer PRIMARY KEY AUTOINCREMENT NOT NULL, "order_id" integer, "product_id" integer, "created_at" datetime NOT NULL, "updated_at" datetime NOT NULL)[0m
  ↳ db/schema.rb:40
  [1m[35m (0.9ms)[0m  [1m[35mCREATE  INDEX "index_purchases_on_order_id" ON "purchases" ("order_id")[0m
  ↳ db/schema.rb:40
  [1m[35m (1.3ms)[0m  [1m[35mCREATE  INDEX "index_purchases_on_product_id" ON "purchases" ("product_id")[0m
  ↳ db/schema.rb:40
  [1m[35m (1.0ms)[0m  [1m[35mCREATE TABLE "schema_migrations" ("version" varchar NOT NULL PRIMARY KEY)[0m
  ↳ db/schema.rb:13
  [1m[35m (0.1ms)[0m  [1m[34mSELECT "schema_migrations"."version" FROM "schema_migrations" ORDER BY "schema_migrations"."version" ASC[0m
  ↳ db/schema.rb:13
  [1m[35m (1.3ms)[0m  [1m[32mINSERT INTO "schema_migrations" (version) VALUES (20190530165709)[0m
  ↳ db/schema.rb:13
  [1m[35m (0.9ms)[0m  [1m[32mINSERT INTO "schema_migrations" (version) VALUES
(20190530165650),
(20190530165502),
(20190530165616);

[0m
  ↳ db/schema.rb:13
  [1m[35m (1.0ms)[0m  [1m[35mCREATE TABLE "ar_internal_metadata" ("key" varchar NOT NULL PRIMARY KEY, "value" varchar, "created_at" datetime NOT NULL, "updated_at" datetime NOT NULL)[0m
  ↳ db/schema.rb:13
  [1m[36mActiveRecord::InternalMetadata Load (0.2ms)[0m  [1m[34mSELECT  "ar_internal_metadata".* FROM "ar_internal_metadata" WHERE "ar_internal_metadata"."key" = ? LIMIT ?[0m  [["key", "environment"], ["LIMIT", 1]]
  ↳ db/schema.rb:13
  [1m[35m (0.0ms)[0m  [1m[36mbegin transaction[0m
  ↳ db/schema.rb:13
  [1m[36mActiveRecord::InternalMetadata Create (0.7ms)[0m  [1m[32mINSERT INTO "ar_internal_metadata" ("key", "value", "created_at", "updated_at") VALUES (?, ?, ?, ?)[0m  [["key", "environment"], ["value", "development"], ["created_at", "2019-05-30 17:05:02.257311"], ["updated_at", "2019-05-30 17:05:02.257311"]]
  ↳ db/schema.rb:13
  [1m[35m (1.0ms)[0m  [1m[36mcommit transaction[0m
  ↳ db/schema.rb:13
  [1m[36mActiveRecord::InternalMetadata Load (0.1ms)[0m  [1m[34mSELECT  "ar_internal_metadata".* FROM "ar_internal_metadata" WHERE "ar_internal_metadata"."key" = ? LIMIT ?[0m  [["key", "environment"], ["LIMIT", 1]]
  ↳ bin/rails:9
  [1m[35m (0.0ms)[0m  [1m[36mbegin transaction[0m
  ↳ bin/rails:9
  [1m[35m (0.0ms)[0m  [1m[36mcommit transaction[0m
  ↳ bin/rails:9
  [1m[35m (0.1ms)[0m  [1m[35mDROP TABLE IF EXISTS "compatibilities"[0m
  ↳ db/schema.rb:15
  [1m[35m (0.0ms)[0m  [1m[34mSELECT sqlite_version(*)[0m
  ↳ db/schema.rb:15
  [1m[35m (0.9ms)[0m  [1m[35mCREATE TABLE "compatibilities" ("id" integer PRIMARY KEY AUTOINCREMENT NOT NULL, "stuffed_animal_id" integer, "accesory_id" integer, "created_at" datetime NOT NULL, "updated_at" datetime NOT NULL)[0m
  ↳ db/schema.rb:15
  [1m[35m (0.8ms)[0m  [1m[35mCREATE  INDEX "index_compatibilities_on_accesory_id" ON "compatibilities" ("accesory_id")[0m
  ↳ db/schema.rb:15
  [1m[35m (0.7ms)[0m  [1m[35mCREATE  INDEX "index_compatibilities_on_stuffed_animal_id" ON "compatibilities" ("stuffed_animal_id")[0m
  ↳ db/schema.rb:15
  [1m[35m (0.1ms)[0m  [1m[35mDROP TABLE IF EXISTS "orders"[0m
  ↳ db/schema.rb:24
  [1m[35m (0.8ms)[0m  [1m[35mCREATE TABLE "orders" ("id" integer PRIMARY KEY AUTOINCREMENT NOT NULL, "order_date" datetime, "created_at" datetime NOT NULL, "updated_at" datetime NOT NULL)[0m
  ↳ db/schema.rb:24
  [1m[35m (0.1ms)[0m  [1m[35mDROP TABLE IF EXISTS "products"[0m
  ↳ db/schema.rb:30
  [1m[35m (1.0ms)[0m  [1m[35mCREATE TABLE "products" ("id" integer PRIMARY KEY AUTOINCREMENT NOT NULL, "description" varchar, "size" integer, "quantity" integer, "cost" float, "sale_price" float, "created_at" datetime NOT NULL, "updated_at" datetime NOT NULL)[0m
  ↳ db/schema.rb:30
  [1m[35m (0.1ms)[0m  [1m[35mDROP TABLE IF EXISTS "purchases"[0m
  ↳ db/schema.rb:40
  [1m[35m (0.7ms)[0m  [1m[35mCREATE TABLE "purchases" ("id" integer PRIMARY KEY AUTOINCREMENT NOT NULL, "order_id" integer, "product_id" integer, "created_at" datetime NOT NULL, "updated_at" datetime NOT NULL)[0m
  ↳ db/schema.rb:40
  [1m[35m (0.8ms)[0m  [1m[35mCREATE  INDEX "index_purchases_on_order_id" ON "purchases" ("order_id")[0m
  ↳ db/schema.rb:40
  [1m[35m (1.3ms)[0m  [1m[35mCREATE  INDEX "index_purchases_on_product_id" ON "purchases" ("product_id")[0m
  ↳ db/schema.rb:40
  [1m[35m (1.1ms)[0m  [1m[35mCREATE TABLE "schema_migrations" ("version" varchar NOT NULL PRIMARY KEY)[0m
  ↳ db/schema.rb:13
  [1m[35m (0.1ms)[0m  [1m[34mSELECT "schema_migrations"."version" FROM "schema_migrations" ORDER BY "schema_migrations"."version" ASC[0m
  ↳ db/schema.rb:13
  [1m[35m (0.8ms)[0m  [1m[32mINSERT INTO "schema_migrations" (version) VALUES (20190530165709)[0m
  ↳ db/schema.rb:13
  [1m[35m (0.8ms)[0m  [1m[32mINSERT INTO "schema_migrations" (version) VALUES
(20190530165650),
(20190530165502),
(20190530165616);

[0m
  ↳ db/schema.rb:13
  [1m[35m (1.0ms)[0m  [1m[35mCREATE TABLE "ar_internal_metadata" ("key" varchar NOT NULL PRIMARY KEY, "value" varchar, "created_at" datetime NOT NULL, "updated_at" datetime NOT NULL)[0m
  ↳ db/schema.rb:13
  [1m[36mActiveRecord::InternalMetadata Load (0.1ms)[0m  [1m[34mSELECT  "ar_internal_metadata".* FROM "ar_internal_metadata" WHERE "ar_internal_metadata"."key" = ? LIMIT ?[0m  [["key", "environment"], ["LIMIT", 1]]
  ↳ db/schema.rb:13
  [1m[35m (0.0ms)[0m  [1m[36mbegin transaction[0m
  ↳ db/schema.rb:13
  [1m[36mActiveRecord::InternalMetadata Create (0.2ms)[0m  [1m[32mINSERT INTO "ar_internal_metadata" ("key", "value", "created_at", "updated_at") VALUES (?, ?, ?, ?)[0m  [["key", "environment"], ["value", "development"], ["created_at", "2019-05-30 17:05:02.286539"], ["updated_at", "2019-05-30 17:05:02.286539"]]
  ↳ db/schema.rb:13
  [1m[35m (0.8ms)[0m  [1m[36mcommit transaction[0m
  ↳ db/schema.rb:13
  [1m[36mActiveRecord::InternalMetadata Load (0.1ms)[0m  [1m[34mSELECT  "ar_internal_metadata".* FROM "ar_internal_metadata" WHERE "ar_internal_metadata"."key" = ? LIMIT ?[0m  [["key", "environment"], ["LIMIT", 1]]
  ↳ bin/rails:9
  [1m[35m (0.0ms)[0m  [1m[36mbegin transaction[0m
  ↳ bin/rails:9
  [1m[36mActiveRecord::InternalMetadata Update (0.3ms)[0m  [1m[33mUPDATE "ar_internal_metadata" SET "value" = ?, "updated_at" = ? WHERE "ar_internal_metadata"."key" = ?[0m  [["value", "test"], ["updated_at", "2019-05-30 17:05:02.289137"], ["key", "environment"]]
  ↳ bin/rails:9
  [1m[35m (0.7ms)[0m  [1m[36mcommit transaction[0m
  ↳ bin/rails:9
  [1m[35m (0.1ms)[0m  [1m[34mSELECT "schema_migrations"."version" FROM "schema_migrations" ORDER BY "schema_migrations"."version" ASC[0m
  ↳ bin/rails:9
  [1m[35m (0.8ms)[0m  [1m[35mDROP DATABASE IF EXISTS "buddy_development"[0m
  ↳ bin/rails:9
  [1m[35m (0.1ms)[0m  [1m[35mDROP DATABASE IF EXISTS "buddy_test"[0m
  ↳ bin/rails:9
  [1m[35m (499.9ms)[0m  [1m[35mCREATE DATABASE "buddy_development" ENCODING = 'unicode'[0m
  ↳ bin/rails:9
  [1m[35m (417.2ms)[0m  [1m[35mCREATE DATABASE "buddy_test" ENCODING = 'unicode'[0m
  ↳ bin/rails:9
  [1m[35m (0.2ms)[0m  [1m[35mDROP TABLE IF EXISTS "compatibilities" CASCADE[0m
  ↳ db/schema.rb:15
  [1m[35m (5.9ms)[0m  [1m[35mCREATE TABLE "compatibilities" ("id" bigserial primary key, "stuffed_animal_id" integer, "accesory_id" integer, "created_at" timestamp NOT NULL, "updated_at" timestamp NOT NULL)[0m
  ↳ db/schema.rb:15
  [1m[35m (2.4ms)[0m  [1m[35mCREATE  INDEX  "index_compatibilities_on_accesory_id" ON "compatibilities"  ("accesory_id")[0m
  ↳ db/schema.rb:15
  [1m[35m (1.0ms)[0m  [1m[35mCREATE  INDEX  "index_compatibilities_on_stuffed_animal_id" ON "compatibilities"  ("stuffed_animal_id")[0m
  ↳ db/schema.rb:15
  [1m[35m (0.4ms)[0m  [1m[35mDROP TABLE IF EXISTS "orders" CASCADE[0m
  ↳ db/schema.rb:24
  [1m[35m (2.4ms)[0m  [1m[35mCREATE TABLE "orders" ("id" bigserial primary key, "order_date" timestamp, "created_at" timestamp NOT NULL, "updated_at" timestamp NOT NULL)[0m
  ↳ db/schema.rb:24
  [1m[35m (0.3ms)[0m  [1m[35mDROP TABLE IF EXISTS "products" CASCADE[0m
  ↳ db/schema.rb:30
  [1m[35m (2.6ms)[0m  [1m[35mCREATE TABLE "products" ("id" bigserial primary key, "description" character varying, "size" integer, "quantity" integer, "cost" float, "sale_price" float, "created_at" timestamp NOT NULL, "updated_at" timestamp NOT NULL)[0m
  ↳ db/schema.rb:30
  [1m[35m (0.2ms)[0m  [1m[35mDROP TABLE IF EXISTS "purchases" CASCADE[0m
  ↳ db/schema.rb:40
  [1m[35m (2.0ms)[0m  [1m[35mCREATE TABLE "purchases" ("id" bigserial primary key, "order_id" integer, "product_id" integer, "created_at" timestamp NOT NULL, "updated_at" timestamp NOT NULL)[0m
  ↳ db/schema.rb:40
  [1m[35m (1.4ms)[0m  [1m[35mCREATE  INDEX  "index_purchases_on_order_id" ON "purchases"  ("order_id")[0m
  ↳ db/schema.rb:40
  [1m[35m (1.1ms)[0m  [1m[35mCREATE  INDEX  "index_purchases_on_product_id" ON "purchases"  ("product_id")[0m
  ↳ db/schema.rb:40
  [1m[35m (2.5ms)[0m  [1m[35mCREATE TABLE "schema_migrations" ("version" character varying NOT NULL PRIMARY KEY)[0m
  ↳ db/schema.rb:13
  [1m[35m (0.9ms)[0m  [1m[34mSELECT "schema_migrations"."version" FROM "schema_migrations" ORDER BY "schema_migrations"."version" ASC[0m
  ↳ db/schema.rb:13
  [1m[35m (0.9ms)[0m  [1m[32mINSERT INTO "schema_migrations" (version) VALUES (20190530165709)[0m
  ↳ db/schema.rb:13
  [1m[35m (0.4ms)[0m  [1m[32mINSERT INTO "schema_migrations" (version) VALUES
(20190530165650),
(20190530165502),
(20190530165616);

[0m
  ↳ db/schema.rb:13
  [1m[35m (2.0ms)[0m  [1m[35mCREATE TABLE "ar_internal_metadata" ("key" character varying NOT NULL PRIMARY KEY, "value" character varying, "created_at" timestamp NOT NULL, "updated_at" timestamp NOT NULL)[0m
  ↳ db/schema.rb:13
  [1m[36mActiveRecord::InternalMetadata Load (0.2ms)[0m  [1m[34mSELECT  "ar_internal_metadata".* FROM "ar_internal_metadata" WHERE "ar_internal_metadata"."key" = $1 LIMIT $2[0m  [["key", "environment"], ["LIMIT", 1]]
  ↳ db/schema.rb:13
  [1m[35m (0.1ms)[0m  [1m[35mBEGIN[0m
  ↳ db/schema.rb:13
  [1m[36mActiveRecord::InternalMetadata Create (0.2ms)[0m  [1m[32mINSERT INTO "ar_internal_metadata" ("key", "value", "created_at", "updated_at") VALUES ($1, $2, $3, $4) RETURNING "key"[0m  [["key", "environment"], ["value", "development"], ["created_at", "2019-05-30 17:11:09.011889"], ["updated_at", "2019-05-30 17:11:09.011889"]]
  ↳ db/schema.rb:13
  [1m[35m (0.4ms)[0m  [1m[35mCOMMIT[0m
  ↳ db/schema.rb:13
  [1m[36mActiveRecord::InternalMetadata Load (0.1ms)[0m  [1m[34mSELECT  "ar_internal_metadata".* FROM "ar_internal_metadata" WHERE "ar_internal_metadata"."key" = $1 LIMIT $2[0m  [["key", "environment"], ["LIMIT", 1]]
  ↳ bin/rails:9
  [1m[35m (0.2ms)[0m  [1m[35mBEGIN[0m
  ↳ bin/rails:9
  [1m[35m (0.1ms)[0m  [1m[35mCOMMIT[0m
  ↳ bin/rails:9
  [1m[35m (0.2ms)[0m  [1m[35mDROP TABLE IF EXISTS "compatibilities" CASCADE[0m
  ↳ db/schema.rb:15
  [1m[35m (4.5ms)[0m  [1m[35mCREATE TABLE "compatibilities" ("id" bigserial primary key, "stuffed_animal_id" integer, "accesory_id" integer, "created_at" timestamp NOT NULL, "updated_at" timestamp NOT NULL)[0m
  ↳ db/schema.rb:15
  [1m[35m (1.3ms)[0m  [1m[35mCREATE  INDEX  "index_compatibilities_on_accesory_id" ON "compatibilities"  ("accesory_id")[0m
  ↳ db/schema.rb:15
  [1m[35m (1.0ms)[0m  [1m[35mCREATE  INDEX  "index_compatibilities_on_stuffed_animal_id" ON "compatibilities"  ("stuffed_animal_id")[0m
  ↳ db/schema.rb:15
  [1m[35m (0.1ms)[0m  [1m[35mDROP TABLE IF EXISTS "orders" CASCADE[0m
  ↳ db/schema.rb:24
  [1m[35m (1.7ms)[0m  [1m[35mCREATE TABLE "orders" ("id" bigserial primary key, "order_date" timestamp, "created_at" timestamp NOT NULL, "updated_at" timestamp NOT NULL)[0m
  ↳ db/schema.rb:24
  [1m[35m (0.3ms)[0m  [1m[35mDROP TABLE IF EXISTS "products" CASCADE[0m
  ↳ db/schema.rb:30
  [1m[35m (5.1ms)[0m  [1m[35mCREATE TABLE "products" ("id" bigserial primary key, "description" character varying, "size" integer, "quantity" integer, "cost" float, "sale_price" float, "created_at" timestamp NOT NULL, "updated_at" timestamp NOT NULL)[0m
  ↳ db/schema.rb:30
  [1m[35m (0.3ms)[0m  [1m[35mDROP TABLE IF EXISTS "purchases" CASCADE[0m
  ↳ db/schema.rb:40
  [1m[35m (1.7ms)[0m  [1m[35mCREATE TABLE "purchases" ("id" bigserial primary key, "order_id" integer, "product_id" integer, "created_at" timestamp NOT NULL, "updated_at" timestamp NOT NULL)[0m
  ↳ db/schema.rb:40
  [1m[35m (1.0ms)[0m  [1m[35mCREATE  INDEX  "index_purchases_on_order_id" ON "purchases"  ("order_id")[0m
  ↳ db/schema.rb:40
  [1m[35m (0.9ms)[0m  [1m[35mCREATE  INDEX  "index_purchases_on_product_id" ON "purchases"  ("product_id")[0m
  ↳ db/schema.rb:40
  [1m[35m (2.5ms)[0m  [1m[35mCREATE TABLE "schema_migrations" ("version" character varying NOT NULL PRIMARY KEY)[0m
  ↳ db/schema.rb:13
  [1m[35m (0.4ms)[0m  [1m[34mSELECT "schema_migrations"."version" FROM "schema_migrations" ORDER BY "schema_migrations"."version" ASC[0m
  ↳ db/schema.rb:13
  [1m[35m (0.6ms)[0m  [1m[32mINSERT INTO "schema_migrations" (version) VALUES (20190530165709)[0m
  ↳ db/schema.rb:13
  [1m[35m (0.5ms)[0m  [1m[32mINSERT INTO "schema_migrations" (version) VALUES
(20190530165650),
(20190530165502),
(20190530165616);

[0m
  ↳ db/schema.rb:13
  [1m[35m (2.5ms)[0m  [1m[35mCREATE TABLE "ar_internal_metadata" ("key" character varying NOT NULL PRIMARY KEY, "value" character varying, "created_at" timestamp NOT NULL, "updated_at" timestamp NOT NULL)[0m
  ↳ db/schema.rb:13
  [1m[36mActiveRecord::InternalMetadata Load (0.5ms)[0m  [1m[34mSELECT  "ar_internal_metadata".* FROM "ar_internal_metadata" WHERE "ar_internal_metadata"."key" = $1 LIMIT $2[0m  [["key", "environment"], ["LIMIT", 1]]
  ↳ db/schema.rb:13
  [1m[35m (0.2ms)[0m  [1m[35mBEGIN[0m
  ↳ db/schema.rb:13
  [1m[36mActiveRecord::InternalMetadata Create (0.4ms)[0m  [1m[32mINSERT INTO "ar_internal_metadata" ("key", "value", "created_at", "updated_at") VALUES ($1, $2, $3, $4) RETURNING "key"[0m  [["key", "environment"], ["value", "development"], ["created_at", "2019-05-30 17:11:09.108691"], ["updated_at", "2019-05-30 17:11:09.108691"]]
  ↳ db/schema.rb:13
  [1m[35m (0.3ms)[0m  [1m[35mCOMMIT[0m
  ↳ db/schema.rb:13
  [1m[36mActiveRecord::InternalMetadata Load (0.2ms)[0m  [1m[34mSELECT  "ar_internal_metadata".* FROM "ar_internal_metadata" WHERE "ar_internal_metadata"."key" = $1 LIMIT $2[0m  [["key", "environment"], ["LIMIT", 1]]
  ↳ bin/rails:9
  [1m[35m (0.1ms)[0m  [1m[35mBEGIN[0m
  ↳ bin/rails:9
  [1m[36mActiveRecord::InternalMetadata Update (0.2ms)[0m  [1m[33mUPDATE "ar_internal_metadata" SET "value" = $1, "updated_at" = $2 WHERE "ar_internal_metadata"."key" = $3[0m  [["value", "test"], ["updated_at", "2019-05-30 17:11:09.111662"], ["key", "environment"]]
  ↳ bin/rails:9
  [1m[35m (0.4ms)[0m  [1m[35mCOMMIT[0m
  ↳ bin/rails:9
  [1m[35m (0.5ms)[0m  [1m[34mSELECT "schema_migrations"."version" FROM "schema_migrations" ORDER BY "schema_migrations"."version" ASC[0m
  ↳ bin/rails:9
  [1m[35m (0.4ms)[0m  [1m[34mSELECT "schema_migrations"."version" FROM "schema_migrations" ORDER BY "schema_migrations"."version" ASC[0m
  ↳ bin/rails:9
  [1m[35m (0.2ms)[0m  [1m[34mSELECT "ar_internal_metadata"."value" FROM "ar_internal_metadata" WHERE "ar_internal_metadata"."key" = $1[0m  [["key", "environment"]]
  ↳ bin/rails:9
  [1m[35m (0.1ms)[0m  [1m[34mSELECT "schema_migrations"."version" FROM "schema_migrations" ORDER BY "schema_migrations"."version" ASC[0m
  ↳ bin/rails:9
  [1m[35m (0.1ms)[0m  [1m[34mSELECT "ar_internal_metadata"."value" FROM "ar_internal_metadata" WHERE "ar_internal_metadata"."key" = $1[0m  [["key", "environment"]]
  ↳ bin/rails:9
  [1m[35m (0.1ms)[0m  [1m[34mSELECT "schema_migrations"."version" FROM "schema_migrations" ORDER BY "schema_migrations"."version" ASC[0m
  ↳ bin/rails:9
  [1m[35m (0.1ms)[0m  [1m[34mSELECT "ar_internal_metadata"."value" FROM "ar_internal_metadata" WHERE "ar_internal_metadata"."key" = $1[0m  [["key", "environment"]]
  ↳ bin/rails:9
  [1m[35m (205.3ms)[0m  [1m[35mDROP DATABASE IF EXISTS "buddy_development"[0m
  ↳ bin/rails:9
  [1m[35m (207.7ms)[0m  [1m[35mDROP DATABASE IF EXISTS "buddy_test"[0m
  ↳ bin/rails:9
  [1m[35m (410.5ms)[0m  [1m[35mCREATE DATABASE "buddy_development" ENCODING = 'unicode'[0m
  ↳ bin/rails:9
  [1m[35m (406.6ms)[0m  [1m[35mCREATE DATABASE "buddy_test" ENCODING = 'unicode'[0m
  ↳ bin/rails:9
  [1m[35m (0.2ms)[0m  [1m[35mDROP TABLE IF EXISTS "compatibilities" CASCADE[0m
  ↳ db/schema.rb:15
  [1m[35m (4.9ms)[0m  [1m[35mCREATE TABLE "compatibilities" ("id" bigserial primary key, "stuffed_animal_id" integer, "accesory_id" integer, "created_at" timestamp NOT NULL, "updated_at" timestamp NOT NULL)[0m
  ↳ db/schema.rb:15
  [1m[35m (1.3ms)[0m  [1m[35mCREATE  INDEX  "index_compatibilities_on_accesory_id" ON "compatibilities"  ("accesory_id")[0m
  ↳ db/schema.rb:15
  [1m[35m (1.3ms)[0m  [1m[35mCREATE  INDEX  "index_compatibilities_on_stuffed_animal_id" ON "compatibilities"  ("stuffed_animal_id")[0m
  ↳ db/schema.rb:15
  [1m[35m (0.2ms)[0m  [1m[35mDROP TABLE IF EXISTS "orders" CASCADE[0m
  ↳ db/schema.rb:24
  [1m[35m (1.8ms)[0m  [1m[35mCREATE TABLE "orders" ("id" bigserial primary key, "order_date" timestamp, "created_at" timestamp NOT NULL, "updated_at" timestamp NOT NULL)[0m
  ↳ db/schema.rb:24
  [1m[35m (0.2ms)[0m  [1m[35mDROP TABLE IF EXISTS "products" CASCADE[0m
  ↳ db/schema.rb:30
  [1m[35m (2.6ms)[0m  [1m[35mCREATE TABLE "products" ("id" bigserial primary key, "description" character varying, "size" integer, "quantity" integer, "cost" float, "sale_price" float, "created_at" timestamp NOT NULL, "updated_at" timestamp NOT NULL)[0m
  ↳ db/schema.rb:30
  [1m[35m (0.6ms)[0m  [1m[35mDROP TABLE IF EXISTS "purchases" CASCADE[0m
  ↳ db/schema.rb:40
  [1m[35m (2.4ms)[0m  [1m[35mCREATE TABLE "purchases" ("id" bigserial primary key, "order_id" integer, "product_id" integer, "created_at" timestamp NOT NULL, "updated_at" timestamp NOT NULL)[0m
  ↳ db/schema.rb:40
  [1m[35m (1.2ms)[0m  [1m[35mCREATE  INDEX  "index_purchases_on_order_id" ON "purchases"  ("order_id")[0m
  ↳ db/schema.rb:40
  [1m[35m (1.1ms)[0m  [1m[35mCREATE  INDEX  "index_purchases_on_product_id" ON "purchases"  ("product_id")[0m
  ↳ db/schema.rb:40
  [1m[35m (2.1ms)[0m  [1m[35mCREATE TABLE "schema_migrations" ("version" character varying NOT NULL PRIMARY KEY)[0m
  ↳ db/schema.rb:13
  [1m[35m (0.4ms)[0m  [1m[34mSELECT "schema_migrations"."version" FROM "schema_migrations" ORDER BY "schema_migrations"."version" ASC[0m
  ↳ db/schema.rb:13
  [1m[35m (0.5ms)[0m  [1m[32mINSERT INTO "schema_migrations" (version) VALUES (20190530165709)[0m
  ↳ db/schema.rb:13
  [1m[35m (0.4ms)[0m  [1m[32mINSERT INTO "schema_migrations" (version) VALUES
(20190530165650),
(20190530165502),
(20190530165616);

[0m
  ↳ db/schema.rb:13
  [1m[35m (1.9ms)[0m  [1m[35mCREATE TABLE "ar_internal_metadata" ("key" character varying NOT NULL PRIMARY KEY, "value" character varying, "created_at" timestamp NOT NULL, "updated_at" timestamp NOT NULL)[0m
  ↳ db/schema.rb:13
  [1m[36mActiveRecord::InternalMetadata Load (0.2ms)[0m  [1m[34mSELECT  "ar_internal_metadata".* FROM "ar_internal_metadata" WHERE "ar_internal_metadata"."key" = $1 LIMIT $2[0m  [["key", "environment"], ["LIMIT", 1]]
  ↳ db/schema.rb:13
  [1m[35m (0.1ms)[0m  [1m[35mBEGIN[0m
  ↳ db/schema.rb:13
  [1m[36mActiveRecord::InternalMetadata Create (0.3ms)[0m  [1m[32mINSERT INTO "ar_internal_metadata" ("key", "value", "created_at", "updated_at") VALUES ($1, $2, $3, $4) RETURNING "key"[0m  [["key", "environment"], ["value", "development"], ["created_at", "2019-05-30 17:15:31.630103"], ["updated_at", "2019-05-30 17:15:31.630103"]]
  ↳ db/schema.rb:13
  [1m[35m (0.3ms)[0m  [1m[35mCOMMIT[0m
  ↳ db/schema.rb:13
  [1m[36mActiveRecord::InternalMetadata Load (0.1ms)[0m  [1m[34mSELECT  "ar_internal_metadata".* FROM "ar_internal_metadata" WHERE "ar_internal_metadata"."key" = $1 LIMIT $2[0m  [["key", "environment"], ["LIMIT", 1]]
  ↳ bin/rails:9
  [1m[35m (0.1ms)[0m  [1m[35mBEGIN[0m
  ↳ bin/rails:9
  [1m[35m (0.1ms)[0m  [1m[35mCOMMIT[0m
  ↳ bin/rails:9
  [1m[35m (0.2ms)[0m  [1m[35mDROP TABLE IF EXISTS "compatibilities" CASCADE[0m
  ↳ db/schema.rb:15
  [1m[35m (4.1ms)[0m  [1m[35mCREATE TABLE "compatibilities" ("id" bigserial primary key, "stuffed_animal_id" integer, "accesory_id" integer, "created_at" timestamp NOT NULL, "updated_at" timestamp NOT NULL)[0m
  ↳ db/schema.rb:15
  [1m[35m (0.9ms)[0m  [1m[35mCREATE  INDEX  "index_compatibilities_on_accesory_id" ON "compatibilities"  ("accesory_id")[0m
  ↳ db/schema.rb:15
  [1m[35m (0.9ms)[0m  [1m[35mCREATE  INDEX  "index_compatibilities_on_stuffed_animal_id" ON "compatibilities"  ("stuffed_animal_id")[0m
  ↳ db/schema.rb:15
  [1m[35m (0.1ms)[0m  [1m[35mDROP TABLE IF EXISTS "orders" CASCADE[0m
  ↳ db/schema.rb:24
  [1m[35m (1.8ms)[0m  [1m[35mCREATE TABLE "orders" ("id" bigserial primary key, "order_date" timestamp, "created_at" timestamp NOT NULL, "updated_at" timestamp NOT NULL)[0m
  ↳ db/schema.rb:24
  [1m[35m (0.3ms)[0m  [1m[35mDROP TABLE IF EXISTS "products" CASCADE[0m
  ↳ db/schema.rb:30
  [1m[35m (3.0ms)[0m  [1m[35mCREATE TABLE "products" ("id" bigserial primary key, "description" character varying, "size" integer, "quantity" integer, "cost" float, "sale_price" float, "created_at" timestamp NOT NULL, "updated_at" timestamp NOT NULL)[0m
  ↳ db/schema.rb:30
  [1m[35m (0.3ms)[0m  [1m[35mDROP TABLE IF EXISTS "purchases" CASCADE[0m
  ↳ db/schema.rb:40
  [1m[35m (2.1ms)[0m  [1m[35mCREATE TABLE "purchases" ("id" bigserial primary key, "order_id" integer, "product_id" integer, "created_at" timestamp NOT NULL, "updated_at" timestamp NOT NULL)[0m
  ↳ db/schema.rb:40
  [1m[35m (0.9ms)[0m  [1m[35mCREATE  INDEX  "index_purchases_on_order_id" ON "purchases"  ("order_id")[0m
  ↳ db/schema.rb:40
  [1m[35m (1.1ms)[0m  [1m[35mCREATE  INDEX  "index_purchases_on_product_id" ON "purchases"  ("product_id")[0m
  ↳ db/schema.rb:40
  [1m[35m (2.4ms)[0m  [1m[35mCREATE TABLE "schema_migrations" ("version" character varying NOT NULL PRIMARY KEY)[0m
  ↳ db/schema.rb:13
  [1m[35m (0.6ms)[0m  [1m[34mSELECT "schema_migrations"."version" FROM "schema_migrations" ORDER BY "schema_migrations"."version" ASC[0m
  ↳ db/schema.rb:13
  [1m[35m (0.6ms)[0m  [1m[32mINSERT INTO "schema_migrations" (version) VALUES (20190530165709)[0m
  ↳ db/schema.rb:13
  [1m[35m (0.4ms)[0m  [1m[32mINSERT INTO "schema_migrations" (version) VALUES
(20190530165650),
(20190530165502),
(20190530165616);

[0m
  ↳ db/schema.rb:13
  [1m[35m (2.0ms)[0m  [1m[35mCREATE TABLE "ar_internal_metadata" ("key" character varying NOT NULL PRIMARY KEY, "value" character varying, "created_at" timestamp NOT NULL, "updated_at" timestamp NOT NULL)[0m
  ↳ db/schema.rb:13
  [1m[36mActiveRecord::InternalMetadata Load (0.2ms)[0m  [1m[34mSELECT  "ar_internal_metadata".* FROM "ar_internal_metadata" WHERE "ar_internal_metadata"."key" = $1 LIMIT $2[0m  [["key", "environment"], ["LIMIT", 1]]
  ↳ db/schema.rb:13
  [1m[35m (0.1ms)[0m  [1m[35mBEGIN[0m
  ↳ db/schema.rb:13
  [1m[36mActiveRecord::InternalMetadata Create (0.2ms)[0m  [1m[32mINSERT INTO "ar_internal_metadata" ("key", "value", "created_at", "updated_at") VALUES ($1, $2, $3, $4) RETURNING "key"[0m  [["key", "environment"], ["value", "development"], ["created_at", "2019-05-30 17:15:31.724589"], ["updated_at", "2019-05-30 17:15:31.724589"]]
  ↳ db/schema.rb:13
  [1m[35m (0.4ms)[0m  [1m[35mCOMMIT[0m
  ↳ db/schema.rb:13
  [1m[36mActiveRecord::InternalMetadata Load (0.2ms)[0m  [1m[34mSELECT  "ar_internal_metadata".* FROM "ar_internal_metadata" WHERE "ar_internal_metadata"."key" = $1 LIMIT $2[0m  [["key", "environment"], ["LIMIT", 1]]
  ↳ bin/rails:9
  [1m[35m (0.1ms)[0m  [1m[35mBEGIN[0m
  ↳ bin/rails:9
  [1m[36mActiveRecord::InternalMetadata Update (0.3ms)[0m  [1m[33mUPDATE "ar_internal_metadata" SET "value" = $1, "updated_at" = $2 WHERE "ar_internal_metadata"."key" = $3[0m  [["value", "test"], ["updated_at", "2019-05-30 17:15:31.727751"], ["key", "environment"]]
  ↳ bin/rails:9
  [1m[35m (0.4ms)[0m  [1m[35mCOMMIT[0m
  ↳ bin/rails:9
  [1m[35m (0.5ms)[0m  [1m[34mSELECT "schema_migrations"."version" FROM "schema_migrations" ORDER BY "schema_migrations"."version" ASC[0m
  ↳ bin/rails:9
